<?xml version="1.0" encoding="UTF-8"?>
<!-- Generated by org.testng.reporters.JUnitReportReporter -->
<testsuite hostname="DESKTOP-8A5TPBL" failures="0" tests="1" name="script.Demo1" time="54.669" errors="0" timestamp="2025-03-13T23:16:15 IST" skipped="0">
  <testcase classname="script.Demo1" name="testA" time="54.669">
    <system-out>
      <![CDATA[testA   ]]>
    </system-out>
  </testcase> <!-- testA -->
  <system-out>
    <![CDATA[testA   ]]>
  </system-out>
</testsuite> <!-- script.Demo1 -->
