<?xml version="1.0" encoding="UTF-8"?>
<!-- Generated by org.testng.reporters.JUnitReportReporter -->
<testsuite hostname="DESKTOP-8A5TPBL" failures="0" tests="1" name="script.Demo2" time="17.932" errors="0" timestamp="2025-03-13T22:12:33 IST" skipped="0">
  <testcase classname="script.Demo2" name="testB" time="17.932">
    <system-out>
      <![CDATA[testB   ]]>
    </system-out>
  </testcase> <!-- testB -->
  <system-out>
    <![CDATA[testA   
testB   
testC   ]]>
  </system-out>
</testsuite> <!-- script.Demo2 -->
