<?xml version="1.0" encoding="UTF-8"?>
<!-- Generated by org.testng.reporters.JUnitReportReporter -->
<testsuite hostname="DESKTOP-8A5TPBL" failures="0" tests="2" name="script.Demo4" time="0.015" errors="0" timestamp="2025-03-12T20:14:51 IST" skipped="0">
  <testcase classname="script.Demo4" name="deleteUser" time="0.009"/>
  <testcase classname="script.Demo4" name="createUser" time="0.006"/>
</testsuite> <!-- script.Demo4 -->
