<?xml version="1.0" encoding="UTF-8"?>
<!-- Generated by org.testng.reporters.JUnitReportReporter -->
<testsuite hostname="DESKTOP-8A5TPBL" failures="0" tests="1" name="script.ValidLogin" time="51.259" errors="0" timestamp="2025-03-14T22:17:02 IST" skipped="0">
  <testcase classname="script.ValidLogin" name="testValidLogin" time="51.259">
    <system-out>
      <![CDATA[home page is displayed, true]]>
    </system-out>
  </testcase> <!-- testValidLogin -->
  <system-out>
    <![CDATA[home page is displayed, true]]>
  </system-out>
</testsuite> <!-- script.ValidLogin -->
